[2023-04-28 00:04:02] INFO root fetch - main [MainThread]: Get Changelog since Serial: [17889602]
[2023-04-28 00:04:07] INFO root fetch - main [MainThread]: Found 8 changed packages
[2023-04-28 00:04:07] INFO root fetch - processPackages [ThreadPoolExecutor-0_0]: Start processing: neon-mq-connector
[2023-04-28 00:04:07] INFO root fetch - processPackages [ThreadPoolExecutor-0_1]: Start processing: gillespy2
[2023-04-28 00:04:07] INFO root fetch - processPackages [ThreadPoolExecutor-0_2]: Start processing: ovos-bus-client
[2023-04-28 00:04:07] INFO root fetch - processPackages [ThreadPoolExecutor-0_3]: Start processing: insertionsort
[2023-04-28 00:04:07] INFO root fetch - processPackages [ThreadPoolExecutor-0_4]: Start processing: runfalcon-build-tools
[2023-04-28 00:04:07] INFO root fetch - processPackages [ThreadPoolExecutor-0_5]: Start processing: benchling-api-client
[2023-04-28 00:04:07] INFO root fetch - processPackages [ThreadPoolExecutor-0_6]: Start processing: abstra-runtimes
[2023-04-28 00:04:07] INFO root fetch - processPackages [ThreadPoolExecutor-0_7]: Start processing: pyBCV
[2023-04-28 00:04:07] WARNING root fetch - processPackages [insertionsort]: Skipping, unable to determine old version
[2023-04-28 00:04:07] INFO root fetch - main [MainThread]: End processing [insertionsort] error
[2023-04-28 00:04:07] INFO root fetch - processPackages [ovos-bus-client]: New version: [0.0.4a5] Old Version: [0.0.4a4]
[2023-04-28 00:04:07] INFO root fetch - processPackages [neon-mq-connector]: New version: [0.6.1a8] Old Version: [0.6.1a7]
[2023-04-28 00:04:07] INFO root fetch - processPackages [gillespy2]: New version: [1.8.2] Old Version: [1.8.1]
[2023-04-28 00:04:07] INFO root fetch - processPackages [pyBCV]: New version: [1.0.5] Old Version: [1.0.4]
[2023-04-28 00:04:07] INFO root fetch - processPackages [runfalcon-build-tools]: New version: [1.4.0] Old Version: [1.3.0]
[2023-04-28 00:04:07] INFO root fetch - processPackages [abstra-runtimes]: New version: [0.9.1] Old Version: [0.9.0]
[2023-04-28 00:04:07] INFO root fetch - processPackages [benchling-api-client]: New version: [2.0.99] Old Version: [2.0.98]
[2023-04-28 00:04:07] INFO root fetch - processPackages [pyBCV]: executing diffoscope
[2023-04-28 00:04:07] INFO root fetch - processPackages [pyBCV]: podman run --user 0:0 --rm -w /home/abi/fetcher -v /home/abi/fetcher/tmp:/home/abi/fetcher/tmp:ro -v /home/abi/fetcher/20230428:/home/abi/fetcher/20230428:rw registry.salsa.debian.org/reproducible-builds/diffoscope --no-progress tmp/pyBCV-1.0.4-py3-none-any.whl.zip tmp/pyBCV-1.0.5-py3-none-any.whl.zip --markdown 20230428/p/pyBCV/1.0.4-1.0.5/diff.md --exclude *.pyd
[2023-04-28 00:04:07] INFO root fetch - processPackages [neon-mq-connector]: Downloading https://files.pythonhosted.org/packages/f4/37/c9c2a5db78cfd1033c1ab100a48849c3b70245851b8cdfe2b6059ed268b6/neon_mq_connector-0.6.1a7-py3-none-any.whl
[2023-04-28 00:04:07] INFO root fetch - processPackages [abstra-runtimes]: executing diffoscope
[2023-04-28 00:04:07] INFO root fetch - processPackages [abstra-runtimes]: podman run --user 0:0 --rm -w /home/abi/fetcher -v /home/abi/fetcher/tmp:/home/abi/fetcher/tmp:ro -v /home/abi/fetcher/20230428:/home/abi/fetcher/20230428:rw registry.salsa.debian.org/reproducible-builds/diffoscope --no-progress tmp/abstra-runtimes-0.9.0.tar.gz tmp/abstra-runtimes-0.9.1.tar.gz --markdown 20230428/a/abstra-runtimes/0.9.0-0.9.1/diff.md --exclude *.pyd
[2023-04-28 00:04:07] INFO root fetch - processPackages [ovos-bus-client]: Downloading https://files.pythonhosted.org/packages/8b/b5/a93ccf3b1ca6086405c889a8a2c6c5a27a2d367378137c3ff841a42f639b/ovos-bus-client-0.0.4a5.tar.gz
[2023-04-28 00:04:07] INFO root fetch - processPackages [gillespy2]: Downloading https://files.pythonhosted.org/packages/02/81/1356630ce729e67f3599d34bde0704ecfd4d59a6400a4c2e4edbf76d1ba2/gillespy2-1.8.1.tar.gz
[2023-04-28 00:04:07] INFO root fetch - processPackages [runfalcon-build-tools]: Downloading https://files.pythonhosted.org/packages/ca/ad/3be006996844318d5a1ad9c1d2eae3a3ccb145d7e2cecad28ab647c41734/runfalcon-build-tools-1.4.0.tar.gz
[2023-04-28 00:04:07] INFO root fetch - processPackages [runfalcon-build-tools]: executing diffoscope
[2023-04-28 00:04:07] INFO root fetch - processPackages [runfalcon-build-tools]: podman run --user 0:0 --rm -w /home/abi/fetcher -v /home/abi/fetcher/tmp:/home/abi/fetcher/tmp:ro -v /home/abi/fetcher/20230428:/home/abi/fetcher/20230428:rw registry.salsa.debian.org/reproducible-builds/diffoscope --no-progress tmp/runfalcon-build-tools-1.3.0.tar.gz tmp/runfalcon-build-tools-1.4.0.tar.gz --markdown 20230428/r/runfalcon-build-tools/1.3.0-1.4.0/diff.md --exclude *.pyd
[2023-04-28 00:04:07] INFO root fetch - processPackages [ovos-bus-client]: executing diffoscope
[2023-04-28 00:04:07] INFO root fetch - processPackages [ovos-bus-client]: podman run --user 0:0 --rm -w /home/abi/fetcher -v /home/abi/fetcher/tmp:/home/abi/fetcher/tmp:ro -v /home/abi/fetcher/20230428:/home/abi/fetcher/20230428:rw registry.salsa.debian.org/reproducible-builds/diffoscope --no-progress tmp/ovos-bus-client-0.0.4a4.tar.gz tmp/ovos-bus-client-0.0.4a5.tar.gz --markdown 20230428/o/ovos-bus-client/0.0.4a4-0.0.4a5/diff.md --exclude *.pyd
[2023-04-28 00:04:07] INFO root fetch - processPackages [neon-mq-connector]: Downloading https://files.pythonhosted.org/packages/cd/58/ed6d1bdafad4a39d2b60b109aab076f6643eac46304a299424f1dda761e9/neon_mq_connector-0.6.1a8-py3-none-any.whl
[2023-04-28 00:04:07] INFO root fetch - processPackages [benchling-api-client]: executing diffoscope
[2023-04-28 00:04:07] INFO root fetch - processPackages [benchling-api-client]: podman run --user 0:0 --rm -w /home/abi/fetcher -v /home/abi/fetcher/tmp:/home/abi/fetcher/tmp:ro -v /home/abi/fetcher/20230428:/home/abi/fetcher/20230428:rw registry.salsa.debian.org/reproducible-builds/diffoscope --no-progress tmp/benchling_api_client-2.0.98.tar.gz tmp/benchling_api_client-2.0.99.tar.gz --markdown 20230428/b/benchling-api-client/2.0.98-2.0.99/diff.md --exclude *.pyd
[2023-04-28 00:04:07] INFO root fetch - processPackages [gillespy2]: Downloading https://files.pythonhosted.org/packages/10/f8/706955fff52d39a281396f204646908117edd0471d3d630f8394f8e8aba5/gillespy2-1.8.2.tar.gz
[2023-04-28 00:04:07] INFO root fetch - processPackages [gillespy2]: executing diffoscope
[2023-04-28 00:04:07] INFO root fetch - processPackages [gillespy2]: podman run --user 0:0 --rm -w /home/abi/fetcher -v /home/abi/fetcher/tmp:/home/abi/fetcher/tmp:ro -v /home/abi/fetcher/20230428:/home/abi/fetcher/20230428:rw registry.salsa.debian.org/reproducible-builds/diffoscope --no-progress tmp/gillespy2-1.8.1.tar.gz tmp/gillespy2-1.8.2.tar.gz --markdown 20230428/g/gillespy2/1.8.1-1.8.2/diff.md --exclude *.pyd
[2023-04-28 00:04:07] INFO root fetch - processPackages [neon-mq-connector]: executing diffoscope
[2023-04-28 00:04:07] INFO root fetch - processPackages [neon-mq-connector]: podman run --user 0:0 --rm -w /home/abi/fetcher -v /home/abi/fetcher/tmp:/home/abi/fetcher/tmp:ro -v /home/abi/fetcher/20230428:/home/abi/fetcher/20230428:rw registry.salsa.debian.org/reproducible-builds/diffoscope --no-progress tmp/neon_mq_connector-0.6.1a7-py3-none-any.whl.zip tmp/neon_mq_connector-0.6.1a8-py3-none-any.whl.zip --markdown 20230428/n/neon-mq-connector/0.6.1a7-0.6.1a8/diff.md --exclude *.pyd
[2023-04-28 00:04:09] INFO root fetch - main [MainThread]: End processing [pyBCV]: success
[2023-04-28 00:04:09] INFO root fetch - main [MainThread]: End processing [abstra-runtimes]: success
[2023-04-28 00:04:09] INFO root fetch - main [MainThread]: End processing [ovos-bus-client]: success
[2023-04-28 00:04:09] INFO root fetch - main [MainThread]: End processing [neon-mq-connector]: success
[2023-04-28 00:04:09] INFO root fetch - main [MainThread]: End processing [runfalcon-build-tools]: success
[2023-04-28 00:04:10] INFO root fetch - main [MainThread]: End processing [gillespy2]: success
[2023-04-28 00:05:55] INFO root fetch - main [MainThread]: End processing [benchling-api-client]: success
[2023-04-28 00:05:55] INFO root fetch - main [MainThread]: Store serial: [17889626]
[2023-04-28 00:10:59] INFO root fetch - main [MainThread]: Get Changelog since Serial: [17889626]
[2023-04-28 00:11:03] INFO root fetch - main [MainThread]: Found 16 changed packages
[2023-04-28 00:11:03] INFO root fetch - processPackages [ThreadPoolExecutor-0_0]: Start processing: balena-sdk
[2023-04-28 00:11:03] INFO root fetch - processPackages [ThreadPoolExecutor-0_1]: Start processing: pynecone
[2023-04-28 00:11:03] INFO root fetch - processPackages [ThreadPoolExecutor-0_2]: Start processing: netrics-measurements
[2023-04-28 00:11:03] INFO root fetch - processPackages [ThreadPoolExecutor-0_3]: Start processing: domolibrary
[2023-04-28 00:11:03] INFO root fetch - processPackages [ThreadPoolExecutor-0_4]: Start processing: sdss-basecam
[2023-04-28 00:11:03] INFO root fetch - processPackages [ThreadPoolExecutor-0_5]: Start processing: FreeClimb
[2023-04-28 00:11:03] INFO root fetch - processPackages [ThreadPoolExecutor-0_6]: Start processing: hypothesis
[2023-04-28 00:11:03] INFO root fetch - processPackages [ThreadPoolExecutor-0_7]: Start processing: fling-cli
[2023-04-28 00:11:03] INFO root fetch - processPackages [ThreadPoolExecutor-0_8]: Start processing: mlagility
[2023-04-28 00:11:03] INFO root fetch - processPackages [ThreadPoolExecutor-0_9]: Start processing: pathmatcher
[2023-04-28 00:11:04] INFO root fetch - processPackages [domolibrary]: New version: [0.1.9] Old Version: [0.1.8]
[2023-04-28 00:11:04] INFO root fetch - processPackages [balena-sdk]: New version: [9.5.0] Old Version: [9.4.1]
[2023-04-28 00:11:04] INFO root fetch - processPackages [FreeClimb]: New version: [4.2.1] Old Version: [4.2.0]
[2023-04-28 00:11:04] INFO root fetch - processPackages [mlagility]: New version: [3.0.0] Old Version: [2.1.2]
[2023-04-28 00:11:04] INFO root fetch - processPackages [netrics-measurements]: New version: [0.0.1rc9] Old Version: [0.0.1rc8]
[2023-04-28 00:11:04] INFO root fetch - processPackages [fling-cli]: New version: [0.1.3] Old Version: [0.1.2]
[2023-04-28 00:11:04] INFO root fetch - processPackages [pynecone]: New version: [0.1.27a2] Old Version: [0.1.27a1]
[2023-04-28 00:11:04] INFO root fetch - processPackages [sdss-basecam]: New version: [0.7.2] Old Version: [0.7.1b1]
[2023-04-28 00:11:04] INFO root fetch - processPackages [pathmatcher]: New version: [1.8.0b2] Old Version: [1.7.5]
[2023-04-28 00:11:04] INFO root fetch - processPackages [hypothesis]: New version: [6.9.2] Old Version: [6.9.1]
[2023-04-28 00:11:04] INFO root fetch - processPackages [FreeClimb]: Downloading https://files.pythonhosted.org/packages/d5/f4/20ca95d35ee8865337416fbc8bd912c16a6a6a0a9bb03ba0da9a651c0163/FreeClimb-4.2.0.tar.gz
[2023-04-28 00:11:04] INFO root fetch - processPackages [fling-cli]: Downloading https://files.pythonhosted.org/packages/af/cf/c913a67c39b52663e41f8f2df86edd6ad9407ce1b40b763747108f0b693e/fling_cli-0.1.2.tar.gz
[2023-04-28 00:11:04] INFO root fetch - processPackages [sdss-basecam]: Downloading https://files.pythonhosted.org/packages/f8/94/dedb3e165dda2dc554d2539771448d43f9f75631801729dded8de596a502/sdss_basecam-0.7.1b1.tar.gz
[2023-04-28 00:11:04] INFO root fetch - processPackages [pathmatcher]: Downloading https://files.pythonhosted.org/packages/24/65/6b5170325a08d6fac4e89359ea0dc31bf4b1b074c45de933a0aeb999a472/pathmatcher-1.7.5.tar.gz
[2023-04-28 00:11:04] INFO root fetch - processPackages [pynecone]: Downloading https://files.pythonhosted.org/packages/0a/df/a5a0852dd0fdf65a807b66855c9869f035a587f758c4b45d135080c6a260/pynecone-0.1.27a2.tar.gz
[2023-04-28 00:11:04] INFO root fetch - processPackages [domolibrary]: executing diffoscope
[2023-04-28 00:11:04] INFO root fetch - processPackages [domolibrary]: podman run --user 0:0 --rm -w /home/abi/fetcher -v /home/abi/fetcher/tmp:/home/abi/fetcher/tmp:ro -v /home/abi/fetcher/20230428:/home/abi/fetcher/20230428:rw registry.salsa.debian.org/reproducible-builds/diffoscope --no-progress tmp/domolibrary-0.1.8.tar.gz tmp/domolibrary-0.1.9.tar.gz --markdown 20230428/d/domolibrary/0.1.8-0.1.9/diff.md --exclude *.pyd
[2023-04-28 00:11:04] INFO root fetch - processPackages [mlagility]: Downloading https://files.pythonhosted.org/packages/05/5f/7dd3c4a30cd958292beff097adda8390e4c1f7a2283648d3f53ff72d49cd/mlagility-3.0.0.tar.gz
[2023-04-28 00:11:04] INFO root fetch - processPackages [FreeClimb]: Downloading https://files.pythonhosted.org/packages/57/30/a4d9ab1b1d9564a351714b7ed59f5b413dc36c70d8a17e4dca8d778bd553/FreeClimb-4.2.1.tar.gz
[2023-04-28 00:11:04] INFO root fetch - processPackages [balena-sdk]: executing diffoscope
[2023-04-28 00:11:04] INFO root fetch - processPackages [balena-sdk]: podman run --user 0:0 --rm -w /home/abi/fetcher -v /home/abi/fetcher/tmp:/home/abi/fetcher/tmp:ro -v /home/abi/fetcher/20230428:/home/abi/fetcher/20230428:rw registry.salsa.debian.org/reproducible-builds/diffoscope --no-progress tmp/balena-sdk-9.4.1.tar.gz tmp/balena-sdk-9.5.0.tar.gz --markdown 20230428/b/balena-sdk/9.4.1-9.5.0/diff.md --exclude *.pyd
[2023-04-28 00:11:04] INFO root fetch - processPackages [fling-cli]: Downloading https://files.pythonhosted.org/packages/5c/74/626c770246830be8ee6c366b9ee3e8cae1deb3e3971591b4e5816e517a9d/fling_cli-0.1.3.tar.gz
[2023-04-28 00:11:04] INFO root fetch - processPackages [netrics-measurements]: executing diffoscope
[2023-04-28 00:11:04] INFO root fetch - processPackages [netrics-measurements]: podman run --user 0:0 --rm -w /home/abi/fetcher -v /home/abi/fetcher/tmp:/home/abi/fetcher/tmp:ro -v /home/abi/fetcher/20230428:/home/abi/fetcher/20230428:rw registry.salsa.debian.org/reproducible-builds/diffoscope --no-progress tmp/netrics_measurements-0.0.1rc8.tar.gz tmp/netrics_measurements-0.0.1rc9.tar.gz --markdown 20230428/n/netrics-measurements/0.0.1rc8-0.0.1rc9/diff.md --exclude *.pyd
[2023-04-28 00:11:04] INFO root fetch - processPackages [hypothesis]: executing diffoscope
[2023-04-28 00:11:04] INFO root fetch - processPackages [hypothesis]: podman run --user 0:0 --rm -w /home/abi/fetcher -v /home/abi/fetcher/tmp:/home/abi/fetcher/tmp:ro -v /home/abi/fetcher/20230428:/home/abi/fetcher/20230428:rw registry.salsa.debian.org/reproducible-builds/diffoscope --no-progress tmp/hypothesis-6.9.1.tar.gz tmp/hypothesis-6.9.2.tar.gz --markdown 20230428/h/hypothesis/6.9.1-6.9.2/diff.md --exclude *.pyd
[2023-04-28 00:11:04] INFO root fetch - processPackages [pathmatcher]: Downloading https://files.pythonhosted.org/packages/c9/d1/b67df0210775bcad47cc0592a97ae6425c58ea18200f490223c5bfda9938/pathmatcher-1.8.0b2.tar.gz
[2023-04-28 00:11:04] INFO root fetch - processPackages [pynecone]: executing diffoscope
[2023-04-28 00:11:04] INFO root fetch - processPackages [pynecone]: podman run --user 0:0 --rm -w /home/abi/fetcher -v /home/abi/fetcher/tmp:/home/abi/fetcher/tmp:ro -v /home/abi/fetcher/20230428:/home/abi/fetcher/20230428:rw registry.salsa.debian.org/reproducible-builds/diffoscope --no-progress tmp/pynecone-0.1.27a1.tar.gz tmp/pynecone-0.1.27a2.tar.gz --markdown 20230428/p/pynecone/0.1.27a1-0.1.27a2/diff.md --exclude *.pyd
[2023-04-28 00:11:04] INFO root fetch - processPackages [sdss-basecam]: Downloading https://files.pythonhosted.org/packages/c3/d6/1689461e51a544fbdc9e3360ebcffe14f313e78b433ea633187de4310fd1/sdss_basecam-0.7.2.tar.gz
[2023-04-28 00:11:04] INFO root fetch - processPackages [mlagility]: executing diffoscope
[2023-04-28 00:11:04] INFO root fetch - processPackages [mlagility]: podman run --user 0:0 --rm -w /home/abi/fetcher -v /home/abi/fetcher/tmp:/home/abi/fetcher/tmp:ro -v /home/abi/fetcher/20230428:/home/abi/fetcher/20230428:rw registry.salsa.debian.org/reproducible-builds/diffoscope --no-progress tmp/mlagility-2.1.2.tar.gz tmp/mlagility-3.0.0.tar.gz --markdown 20230428/m/mlagility/2.1.2-3.0.0/diff.md --exclude *.pyd
[2023-04-28 00:11:04] INFO root fetch - processPackages [FreeClimb]: executing diffoscope
[2023-04-28 00:11:04] INFO root fetch - processPackages [FreeClimb]: podman run --user 0:0 --rm -w /home/abi/fetcher -v /home/abi/fetcher/tmp:/home/abi/fetcher/tmp:ro -v /home/abi/fetcher/20230428:/home/abi/fetcher/20230428:rw registry.salsa.debian.org/reproducible-builds/diffoscope --no-progress tmp/FreeClimb-4.2.0.tar.gz tmp/FreeClimb-4.2.1.tar.gz --markdown 20230428/F/FreeClimb/4.2.0-4.2.1/diff.md --exclude *.pyd
[2023-04-28 00:11:04] INFO root fetch - processPackages [fling-cli]: executing diffoscope
[2023-04-28 00:11:04] INFO root fetch - processPackages [fling-cli]: podman run --user 0:0 --rm -w /home/abi/fetcher -v /home/abi/fetcher/tmp:/home/abi/fetcher/tmp:ro -v /home/abi/fetcher/20230428:/home/abi/fetcher/20230428:rw registry.salsa.debian.org/reproducible-builds/diffoscope --no-progress tmp/fling_cli-0.1.2.tar.gz tmp/fling_cli-0.1.3.tar.gz --markdown 20230428/f/fling-cli/0.1.2-0.1.3/diff.md --exclude *.pyd
[2023-04-28 00:11:04] INFO root fetch - processPackages [sdss-basecam]: executing diffoscope
[2023-04-28 00:11:04] INFO root fetch - processPackages [sdss-basecam]: podman run --user 0:0 --rm -w /home/abi/fetcher -v /home/abi/fetcher/tmp:/home/abi/fetcher/tmp:ro -v /home/abi/fetcher/20230428:/home/abi/fetcher/20230428:rw registry.salsa.debian.org/reproducible-builds/diffoscope --no-progress tmp/sdss_basecam-0.7.1b1.tar.gz tmp/sdss_basecam-0.7.2.tar.gz --markdown 20230428/s/sdss-basecam/0.7.1b1-0.7.2/diff.md --exclude *.pyd
[2023-04-28 00:11:04] INFO root fetch - processPackages [pathmatcher]: executing diffoscope
[2023-04-28 00:11:04] INFO root fetch - processPackages [pathmatcher]: podman run --user 0:0 --rm -w /home/abi/fetcher -v /home/abi/fetcher/tmp:/home/abi/fetcher/tmp:ro -v /home/abi/fetcher/20230428:/home/abi/fetcher/20230428:rw registry.salsa.debian.org/reproducible-builds/diffoscope --no-progress tmp/pathmatcher-1.7.5.tar.gz tmp/pathmatcher-1.8.0b2.tar.gz --markdown 20230428/p/pathmatcher/1.7.5-1.8.0b2/diff.md --exclude *.pyd
[2023-04-28 00:11:06] INFO root fetch - processPackages [fling-cli]: Start processing: pymsasdax
[2023-04-28 00:11:06] INFO root fetch - main [MainThread]: End processing [fling-cli]: success
[2023-04-28 00:11:06] INFO root fetch - processPackages [pymsasdax]: New version: [2023.1017] Old Version: [2023.1016]
[2023-04-28 00:11:06] INFO root fetch - processPackages [pathmatcher]: Start processing: pythonbible
[2023-04-28 00:11:06] INFO root fetch - main [MainThread]: End processing [pathmatcher]: success
[2023-04-28 00:11:06] INFO root fetch - processPackages [pymsasdax]: executing diffoscope
[2023-04-28 00:11:06] INFO root fetch - processPackages [pymsasdax]: podman run --user 0:0 --rm -w /home/abi/fetcher -v /home/abi/fetcher/tmp:/home/abi/fetcher/tmp:ro -v /home/abi/fetcher/20230428:/home/abi/fetcher/20230428:rw registry.salsa.debian.org/reproducible-builds/diffoscope --no-progress tmp/pymsasdax-2023.1016.tar.gz tmp/pymsasdax-2023.1017.tar.gz --markdown 20230428/p/pymsasdax/2023.1016-2023.1017/diff.md --exclude *.pyd
[2023-04-28 00:11:06] INFO root fetch - processPackages [pythonbible]: New version: [0.8] Old Version: [0.7.4]
[2023-04-28 00:11:06] INFO root fetch - processPackages [netrics-measurements]: Start processing: pepperize.cdk-serverless-cluster-from-snapshot
[2023-04-28 00:11:06] INFO root fetch - main [MainThread]: End processing [netrics-measurements]: success
[2023-04-28 00:11:06] INFO root fetch - processPackages [pepperize.cdk-serverless-cluster-from-snapshot]: New version: [0.0.99] Old Version: [0.0.98]
[2023-04-28 00:11:06] INFO root fetch - processPackages [pythonbible]: Downloading https://files.pythonhosted.org/packages/4f/cc/aac1542eb340423c09d28e4d4782a176bf597f5b25700189cbb984dccac0/pythonbible-0.7.4.tar.gz
[2023-04-28 00:11:06] INFO root fetch - processPackages [sdss-basecam]: Start processing: cmeel-urdfdom
[2023-04-28 00:11:06] INFO root fetch - main [MainThread]: End processing [sdss-basecam]: success
[2023-04-28 00:11:06] INFO root fetch - processPackages [cmeel-urdfdom]: New version: [3.1.0.1] Old Version: [3.1.0]
[2023-04-28 00:11:06] INFO root fetch - processPackages [domolibrary]: Start processing: ovos-gui
[2023-04-28 00:11:06] INFO root fetch - main [MainThread]: End processing [domolibrary]: success
[2023-04-28 00:11:06] INFO root fetch - processPackages [pepperize.cdk-serverless-cluster-from-snapshot]: executing diffoscope
[2023-04-28 00:11:06] INFO root fetch - processPackages [pepperize.cdk-serverless-cluster-from-snapshot]: podman run --user 0:0 --rm -w /home/abi/fetcher -v /home/abi/fetcher/tmp:/home/abi/fetcher/tmp:ro -v /home/abi/fetcher/20230428:/home/abi/fetcher/20230428:rw registry.salsa.debian.org/reproducible-builds/diffoscope --no-progress tmp/pepperize.cdk-serverless-cluster-from-snapshot-0.0.98.tar.gz tmp/pepperize.cdk-serverless-cluster-from-snapshot-0.0.99.tar.gz --markdown 20230428/p/pepperize.cdk-serverless-cluster-from-snapshot/0.0.98-0.0.99/diff.md --exclude *.pyd
[2023-04-28 00:11:06] INFO root fetch - processPackages [balena-sdk]: Start processing: abstra-runtimes
[2023-04-28 00:11:06] INFO root fetch - main [MainThread]: End processing [balena-sdk]: success
[2023-04-28 00:11:06] INFO root fetch - processPackages [abstra-runtimes]: New version: [0.9.1] Old Version: [0.9.0]
[2023-04-28 00:11:06] INFO root fetch - processPackages [ovos-gui]: New version: [0.0.2a9] Old Version: [0.0.2a8]
[2023-04-28 00:11:06] INFO root fetch - processPackages [abstra-runtimes]: executing diffoscope
[2023-04-28 00:11:06] INFO root fetch - processPackages [abstra-runtimes]: podman run --user 0:0 --rm -w /home/abi/fetcher -v /home/abi/fetcher/tmp:/home/abi/fetcher/tmp:ro -v /home/abi/fetcher/20230428:/home/abi/fetcher/20230428:rw registry.salsa.debian.org/reproducible-builds/diffoscope --no-progress tmp/abstra-runtimes-0.9.0.tar.gz tmp/abstra-runtimes-0.9.1.tar.gz --markdown 20230428/a/abstra-runtimes/0.9.0-0.9.1/diff.md --exclude *.pyd
[2023-04-28 00:11:07] INFO root fetch - processPackages [ovos-gui]: executing diffoscope
[2023-04-28 00:11:07] INFO root fetch - processPackages [ovos-gui]: podman run --user 0:0 --rm -w /home/abi/fetcher -v /home/abi/fetcher/tmp:/home/abi/fetcher/tmp:ro -v /home/abi/fetcher/20230428:/home/abi/fetcher/20230428:rw registry.salsa.debian.org/reproducible-builds/diffoscope --no-progress tmp/ovos_gui-0.0.2a8-py3-none-any.whl.zip tmp/ovos_gui-0.0.2a9-py3-none-any.whl.zip --markdown 20230428/o/ovos-gui/0.0.2a8-0.0.2a9/diff.md --exclude *.pyd
[2023-04-28 00:11:07] INFO root fetch - processPackages [cmeel-urdfdom]: Downloading https://files.pythonhosted.org/packages/53/b1/e3c35cb60f7575397f5e12404b9b38737ba97986bf4aaefe233189152c7b/cmeel_urdfdom-3.1.0-1-pp39-pypy39_pp73-manylinux_2_17_x86_64.whl
[2023-04-28 00:11:07] INFO root fetch - processPackages [cmeel-urdfdom]: Downloading https://files.pythonhosted.org/packages/06/91/0ccdfcd74a3ae8230ba3293737413637b50fe725b083c2a3fd47e5b4848f/cmeel_urdfdom-3.1.0.1-4-py3-none-manylinux_2_17_x86_64.whl
[2023-04-28 00:11:07] INFO root fetch - processPackages [cmeel-urdfdom]: executing diffoscope
[2023-04-28 00:11:07] INFO root fetch - processPackages [cmeel-urdfdom]: podman run --user 0:0 --rm -w /home/abi/fetcher -v /home/abi/fetcher/tmp:/home/abi/fetcher/tmp:ro -v /home/abi/fetcher/20230428:/home/abi/fetcher/20230428:rw registry.salsa.debian.org/reproducible-builds/diffoscope --no-progress tmp/cmeel_urdfdom-3.1.0-1-pp39-pypy39_pp73-manylinux_2_17_x86_64.whl.zip tmp/cmeel_urdfdom-3.1.0.1-4-py3-none-manylinux_2_17_x86_64.whl.zip --markdown 20230428/c/cmeel-urdfdom/3.1.0-3.1.0.1/diff.md --exclude *.pyd
[2023-04-28 00:11:07] INFO root fetch - main [MainThread]: End processing [pymsasdax]: success
[2023-04-28 00:11:07] INFO root fetch - main [MainThread]: End processing [ovos-gui]: success
[2023-04-28 00:11:08] INFO root fetch - main [MainThread]: End processing [abstra-runtimes]: success
[2023-04-28 00:11:08] INFO root fetch - main [MainThread]: End processing [FreeClimb]: success
[2023-04-28 00:11:08] INFO root fetch - main [MainThread]: End processing [pepperize.cdk-serverless-cluster-from-snapshot]: success
[2023-04-28 00:11:08] INFO root fetch - processPackages [pythonbible]: Downloading https://files.pythonhosted.org/packages/a3/f7/1bcc4c7ed7bd9ec522466e5c2215c23cfb5eb992497bca39fd6e6b78d13d/pythonbible-0.8.tar.gz
[2023-04-28 00:11:08] INFO root fetch - processPackages [pythonbible]: executing diffoscope
[2023-04-28 00:11:08] INFO root fetch - processPackages [pythonbible]: podman run --user 0:0 --rm -w /home/abi/fetcher -v /home/abi/fetcher/tmp:/home/abi/fetcher/tmp:ro -v /home/abi/fetcher/20230428:/home/abi/fetcher/20230428:rw registry.salsa.debian.org/reproducible-builds/diffoscope --no-progress tmp/pythonbible-0.7.4.tar.gz tmp/pythonbible-0.8.tar.gz --markdown 20230428/p/pythonbible/0.7.4-0.8/diff.md --exclude *.pyd
[2023-04-28 00:11:09] INFO root fetch - main [MainThread]: End processing [pynecone]: success
[2023-04-28 00:11:09] INFO root fetch - main [MainThread]: End processing [hypothesis]: success
[2023-04-28 00:11:15] INFO root fetch - main [MainThread]: End processing [mlagility]: success
[2023-04-28 00:11:18] INFO root fetch - main [MainThread]: End processing [cmeel-urdfdom]: success
[2023-04-28 00:12:09] INFO root fetch - main [MainThread]: End processing [pythonbible]: success
[2023-04-28 00:12:09] INFO root fetch - main [MainThread]: Store serial: [17889675]
[2023-04-28 00:17:14] INFO root fetch - main [MainThread]: Get Changelog since Serial: [17889675]
[2023-04-28 00:17:18] INFO root fetch - main [MainThread]: Found 14 changed packages
[2023-04-28 00:17:18] INFO root fetch - processPackages [ThreadPoolExecutor-0_0]: Start processing: abstra-runtimes
[2023-04-28 00:17:18] INFO root fetch - processPackages [ThreadPoolExecutor-0_1]: Start processing: digitalguide
[2023-04-28 00:17:19] INFO root fetch - processPackages [ThreadPoolExecutor-0_2]: Start processing: imageconv
[2023-04-28 00:17:19] INFO root fetch - processPackages [ThreadPoolExecutor-0_3]: Start processing: hoppr-nexus-bundler
[2023-04-28 00:17:19] INFO root fetch - processPackages [ThreadPoolExecutor-0_4]: Start processing: hoppr-security-commons
[2023-04-28 00:17:19] INFO root fetch - processPackages [ThreadPoolExecutor-0_5]: Start processing: autora-runner-experimentation-manager-firebase
[2023-04-28 00:17:19] INFO root fetch - processPackages [ThreadPoolExecutor-0_6]: Start processing: py-shelf
[2023-04-28 00:17:19] INFO root fetch - processPackages [ThreadPoolExecutor-0_7]: Start processing: local-database-python-backend
[2023-04-28 00:17:19] INFO root fetch - processPackages [ThreadPoolExecutor-0_8]: Start processing: ramodels
[2023-04-28 00:17:19] INFO root fetch - processPackages [ThreadPoolExecutor-0_9]: Start processing: autora-core
[2023-04-28 00:17:19] INFO root fetch - processPackages [abstra-runtimes]: New version: [0.9.1] Old Version: [0.9.0]
[2023-04-28 00:17:19] WARNING root fetch - processPackages [imageconv]: Skipping, unable to determine old version
[2023-04-28 00:17:19] INFO root fetch - processPackages [hoppr-security-commons]: New version: [0.0.9] Old Version: [0.0.8]
[2023-04-28 00:17:19] INFO root fetch - processPackages [imageconv]: Start processing: pulumi-aws
[2023-04-28 00:17:19] INFO root fetch - main [MainThread]: End processing [imageconv] error
[2023-04-28 00:17:19] INFO root fetch - processPackages [digitalguide]: New version: [0.0.99] Old Version: [0.0.98]
[2023-04-28 00:17:19] INFO root fetch - processPackages [local-database-python-backend]: New version: [0.0.4] Old Version: [0.0.3]
[2023-04-28 00:17:19] INFO root fetch - processPackages [hoppr-nexus-bundler]: New version: [0.4.9] Old Version: [0.4.8]
[2023-04-28 00:17:19] WARNING root fetch - processPackages [autora-runner-experimentation-manager-firebase]: Skipping, unable to determine old version
[2023-04-28 00:17:19] INFO root fetch - processPackages [autora-core]: New version: [3.0.0a6] Old Version: [3.0.0a5]
[2023-04-28 00:17:19] INFO root fetch - processPackages [py-shelf]: New version: [3.0.2] Old Version: [3.0.1]
[2023-04-28 00:17:19] INFO root fetch - processPackages [autora-runner-experimentation-manager-firebase]: Start processing: local-database-python-backend
[2023-04-28 00:17:19] INFO root fetch - main [MainThread]: End processing [autora-runner-experimentation-manager-firebase] error
[2023-04-28 00:17:19] INFO root fetch - processPackages [ramodels]: New version: [9.7.3] Old Version: [9.7.2]
[2023-04-28 00:17:19] INFO root fetch - processPackages [pulumi-aws]: New version: [5.9.2] Old Version: [5.9.1]
[2023-04-28 00:17:19] INFO root fetch - processPackages [local-database-python-backend]: New version: [0.0.4] Old Version: [0.0.3]
[2023-04-28 00:17:19] INFO root fetch - processPackages [abstra-runtimes]: executing diffoscope
[2023-04-28 00:17:19] INFO root fetch - processPackages [abstra-runtimes]: podman run --user 0:0 --rm -w /home/abi/fetcher -v /home/abi/fetcher/tmp:/home/abi/fetcher/tmp:ro -v /home/abi/fetcher/20230428:/home/abi/fetcher/20230428:rw registry.salsa.debian.org/reproducible-builds/diffoscope --no-progress tmp/abstra-runtimes-0.9.0.tar.gz tmp/abstra-runtimes-0.9.1.tar.gz --markdown 20230428/a/abstra-runtimes/0.9.0-0.9.1/diff.md --exclude *.pyd
[2023-04-28 00:17:19] INFO root fetch - processPackages [ramodels]: executing diffoscope
[2023-04-28 00:17:19] INFO root fetch - processPackages [ramodels]: podman run --user 0:0 --rm -w /home/abi/fetcher -v /home/abi/fetcher/tmp:/home/abi/fetcher/tmp:ro -v /home/abi/fetcher/20230428:/home/abi/fetcher/20230428:rw registry.salsa.debian.org/reproducible-builds/diffoscope --no-progress tmp/ramodels-9.7.2.tar.gz tmp/ramodels-9.7.3.tar.gz --markdown 20230428/r/ramodels/9.7.2-9.7.3/diff.md --exclude *.pyd
[2023-04-28 00:17:19] INFO root fetch - processPackages [pulumi-aws]: executing diffoscope
[2023-04-28 00:17:19] INFO root fetch - processPackages [pulumi-aws]: podman run --user 0:0 --rm -w /home/abi/fetcher -v /home/abi/fetcher/tmp:/home/abi/fetcher/tmp:ro -v /home/abi/fetcher/20230428:/home/abi/fetcher/20230428:rw registry.salsa.debian.org/reproducible-builds/diffoscope --no-progress tmp/pulumi_aws-5.9.1.tar.gz tmp/pulumi_aws-5.9.2.tar.gz --markdown 20230428/p/pulumi-aws/5.9.1-5.9.2/diff.md --exclude *.pyd
[2023-04-28 00:17:19] INFO root fetch - processPackages [local-database-python-backend]: Downloading https://files.pythonhosted.org/packages/cd/8b/bfbf2961fa2d2851dcfe6ea909a0e9e3f0b26a2cc2da06f9df36c5cd66b7/local-database-python-backend-0.0.3.tar.gz
[2023-04-28 00:17:19] INFO root fetch - processPackages [local-database-python-backend]: Downloading https://files.pythonhosted.org/packages/cd/8b/bfbf2961fa2d2851dcfe6ea909a0e9e3f0b26a2cc2da06f9df36c5cd66b7/local-database-python-backend-0.0.3.tar.gz
[2023-04-28 00:17:19] INFO root fetch - processPackages [py-shelf]: Downloading https://files.pythonhosted.org/packages/21/ad/baf97f4e6883af761b8b396e7a80c9005131d802c20b24dc1bf25b489b8e/py_shelf-3.0.1.tar.gz
[2023-04-28 00:17:19] INFO root fetch - processPackages [autora-core]: Downloading https://files.pythonhosted.org/packages/10/7f/5087abc9e1b9fcff7d5079a078b37b07a2f725b92dc659bca187deaeab34/autora-core-3.0.0a6.tar.gz
[2023-04-28 00:17:19] INFO root fetch - processPackages [hoppr-security-commons]: executing diffoscope
[2023-04-28 00:17:19] INFO root fetch - processPackages [hoppr-security-commons]: podman run --user 0:0 --rm -w /home/abi/fetcher -v /home/abi/fetcher/tmp:/home/abi/fetcher/tmp:ro -v /home/abi/fetcher/20230428:/home/abi/fetcher/20230428:rw registry.salsa.debian.org/reproducible-builds/diffoscope --no-progress tmp/hoppr_security_commons-0.0.8.tar.gz tmp/hoppr_security_commons-0.0.9.tar.gz --markdown 20230428/h/hoppr-security-commons/0.0.8-0.0.9/diff.md --exclude *.pyd
[2023-04-28 00:17:19] INFO root fetch - processPackages [digitalguide]: executing diffoscope
[2023-04-28 00:17:19] INFO root fetch - processPackages [digitalguide]: podman run --user 0:0 --rm -w /home/abi/fetcher -v /home/abi/fetcher/tmp:/home/abi/fetcher/tmp:ro -v /home/abi/fetcher/20230428:/home/abi/fetcher/20230428:rw registry.salsa.debian.org/reproducible-builds/diffoscope --no-progress tmp/digitalguide-0.0.98.tar.gz tmp/digitalguide-0.0.99.tar.gz --markdown 20230428/d/digitalguide/0.0.98-0.0.99/diff.md --exclude *.pyd
[2023-04-28 00:17:19] INFO root fetch - processPackages [local-database-python-backend]: Downloading https://files.pythonhosted.org/packages/47/8d/850c4d20dda39548c4a30a2398bf9e4331e7961e289694b31a2a05315eee/local-database-python-backend-0.0.4.tar.gz
[2023-04-28 00:17:19] INFO root fetch - processPackages [local-database-python-backend]: Downloading https://files.pythonhosted.org/packages/47/8d/850c4d20dda39548c4a30a2398bf9e4331e7961e289694b31a2a05315eee/local-database-python-backend-0.0.4.tar.gz
[2023-04-28 00:17:19] INFO root fetch - processPackages [hoppr-nexus-bundler]: executing diffoscope
[2023-04-28 00:17:19] INFO root fetch - processPackages [hoppr-nexus-bundler]: podman run --user 0:0 --rm -w /home/abi/fetcher -v /home/abi/fetcher/tmp:/home/abi/fetcher/tmp:ro -v /home/abi/fetcher/20230428:/home/abi/fetcher/20230428:rw registry.salsa.debian.org/reproducible-builds/diffoscope --no-progress tmp/hoppr_nexus_bundler-0.4.8.tar.gz tmp/hoppr_nexus_bundler-0.4.9.tar.gz --markdown 20230428/h/hoppr-nexus-bundler/0.4.8-0.4.9/diff.md --exclude *.pyd
[2023-04-28 00:17:19] INFO root fetch - processPackages [autora-core]: executing diffoscope
[2023-04-28 00:17:19] INFO root fetch - processPackages [autora-core]: podman run --user 0:0 --rm -w /home/abi/fetcher -v /home/abi/fetcher/tmp:/home/abi/fetcher/tmp:ro -v /home/abi/fetcher/20230428:/home/abi/fetcher/20230428:rw registry.salsa.debian.org/reproducible-builds/diffoscope --no-progress tmp/autora-core-3.0.0a5.tar.gz tmp/autora-core-3.0.0a6.tar.gz --markdown 20230428/a/autora-core/3.0.0a5-3.0.0a6/diff.md --exclude *.pyd
[2023-04-28 00:17:19] INFO root fetch - processPackages [local-database-python-backend]: executing diffoscope
[2023-04-28 00:17:19] INFO root fetch - processPackages [local-database-python-backend]: executing diffoscope
[2023-04-28 00:17:19] INFO root fetch - processPackages [local-database-python-backend]: podman run --user 0:0 --rm -w /home/abi/fetcher -v /home/abi/fetcher/tmp:/home/abi/fetcher/tmp:ro -v /home/abi/fetcher/20230428:/home/abi/fetcher/20230428:rw registry.salsa.debian.org/reproducible-builds/diffoscope --no-progress tmp/local-database-python-backend-0.0.3.tar.gz tmp/local-database-python-backend-0.0.4.tar.gz --markdown 20230428/l/local-database-python-backend/0.0.3-0.0.4/diff.md --exclude *.pyd
[2023-04-28 00:17:19] INFO root fetch - processPackages [local-database-python-backend]: podman run --user 0:0 --rm -w /home/abi/fetcher -v /home/abi/fetcher/tmp:/home/abi/fetcher/tmp:ro -v /home/abi/fetcher/20230428:/home/abi/fetcher/20230428:rw registry.salsa.debian.org/reproducible-builds/diffoscope --no-progress tmp/local-database-python-backend-0.0.3.tar.gz tmp/local-database-python-backend-0.0.4.tar.gz --markdown 20230428/l/local-database-python-backend/0.0.3-0.0.4/diff.md --exclude *.pyd
[2023-04-28 00:17:20] INFO root fetch - processPackages [abstra-runtimes]: Start processing: perfect-package
[2023-04-28 00:17:20] INFO root fetch - main [MainThread]: End processing [abstra-runtimes]: success
[2023-04-28 00:17:20] WARNING root fetch - processPackages [perfect-package]: Skipping, unable to determine old version
[2023-04-28 00:17:20] INFO root fetch - processPackages [perfect-package]: Start processing: djangobible
[2023-04-28 00:17:20] INFO root fetch - main [MainThread]: End processing [perfect-package] error
[2023-04-28 00:17:20] INFO root fetch - processPackages [djangobible]: New version: [0.0.9] Old Version: [0.0.8]
[2023-04-28 00:17:20] INFO root fetch - main [MainThread]: End processing [hoppr-security-commons]: success
[2023-04-28 00:17:20] INFO root fetch - processPackages [djangobible]: Downloading https://files.pythonhosted.org/packages/25/d0/526d9ddf4313ecf78c6572b558b5146bb5a1da673fee924778d5fbdf1522/djangobible-0.0.8.tar.gz
[2023-04-28 00:17:20] INFO root fetch - main [MainThread]: End processing [digitalguide]: success
[2023-04-28 00:17:20] INFO root fetch - main [MainThread]: End processing [local-database-python-backend]: success
[2023-04-28 00:17:20] INFO root fetch - main [MainThread]: End processing [hoppr-nexus-bundler]: success
[2023-04-28 00:17:21] INFO root fetch - processPackages [py-shelf]: Downloading https://files.pythonhosted.org/packages/aa/ea/b1d1c55b0724939cbe0cc3789bb45047d4c20e8bc357837d168a4ed5e9ef/py_shelf-3.0.2.tar.gz
[2023-04-28 00:17:21] INFO root fetch - main [MainThread]: End processing [local-database-python-backend]: success
[2023-04-28 00:17:21] INFO root fetch - main [MainThread]: End processing [ramodels]: success
[2023-04-28 00:17:21] INFO root fetch - processPackages [djangobible]: Downloading https://files.pythonhosted.org/packages/bd/1f/2ad0b5ca398f220f40965ec4c7f90a49dd5db0f363e0a7cd2c1ec5b623f4/djangobible-0.0.9.tar.gz
[2023-04-28 00:17:21] INFO root fetch - processPackages [py-shelf]: executing diffoscope
[2023-04-28 00:17:21] INFO root fetch - processPackages [py-shelf]: podman run --user 0:0 --rm -w /home/abi/fetcher -v /home/abi/fetcher/tmp:/home/abi/fetcher/tmp:ro -v /home/abi/fetcher/20230428:/home/abi/fetcher/20230428:rw registry.salsa.debian.org/reproducible-builds/diffoscope --no-progress tmp/py_shelf-3.0.1.tar.gz tmp/py_shelf-3.0.2.tar.gz --markdown 20230428/p/py-shelf/3.0.1-3.0.2/diff.md --exclude *.pyd
[2023-04-28 00:17:21] INFO root fetch - processPackages [djangobible]: executing diffoscope
[2023-04-28 00:17:21] INFO root fetch - processPackages [djangobible]: podman run --user 0:0 --rm -w /home/abi/fetcher -v /home/abi/fetcher/tmp:/home/abi/fetcher/tmp:ro -v /home/abi/fetcher/20230428:/home/abi/fetcher/20230428:rw registry.salsa.debian.org/reproducible-builds/diffoscope --no-progress tmp/djangobible-0.0.8.tar.gz tmp/djangobible-0.0.9.tar.gz --markdown 20230428/d/djangobible/0.0.8-0.0.9/diff.md --exclude *.pyd
[2023-04-28 00:17:21] INFO root fetch - main [MainThread]: End processing [autora-core]: success
[2023-04-28 00:17:22] INFO root fetch - main [MainThread]: End processing [djangobible]: success
[2023-04-28 00:17:58] INFO root fetch - main [MainThread]: End processing [pulumi-aws]: success
[2023-04-28 00:18:42] INFO root fetch - main [MainThread]: End processing [py-shelf]: success
[2023-04-28 00:18:42] INFO root fetch - main [MainThread]: Store serial: [17889721]
[2023-04-28 00:23:53] INFO root fetch - main [MainThread]: Get Changelog since Serial: [17889721]
[2023-04-28 00:23:58] INFO root fetch - main [MainThread]: Found 9 changed packages
[2023-04-28 00:23:58] INFO root fetch - processPackages [ThreadPoolExecutor-0_0]: Start processing: pyjls
[2023-04-28 00:23:58] INFO root fetch - processPackages [ThreadPoolExecutor-0_1]: Start processing: pyjoulescope-driver
[2023-04-28 00:23:58] INFO root fetch - processPackages [ThreadPoolExecutor-0_2]: Start processing: depp-test
[2023-04-28 00:23:58] INFO root fetch - processPackages [ThreadPoolExecutor-0_3]: Start processing: pftag
[2023-04-28 00:23:58] INFO root fetch - processPackages [ThreadPoolExecutor-0_4]: Start processing: admem
[2023-04-28 00:23:58] INFO root fetch - processPackages [ThreadPoolExecutor-0_5]: Start processing: git-add-co-author
[2023-04-28 00:23:58] INFO root fetch - processPackages [ThreadPoolExecutor-0_6]: Start processing: digitalguide
[2023-04-28 00:23:58] INFO root fetch - processPackages [ThreadPoolExecutor-0_7]: Start processing: loggerml
[2023-04-28 00:23:58] INFO root fetch - processPackages [ThreadPoolExecutor-0_8]: Start processing: titiler.pgstac
[2023-04-28 00:23:59] INFO root fetch - processPackages [pyjls]: New version: [0.6.1] Old Version: [0.6.0]
[2023-04-28 00:23:59] INFO root fetch - processPackages [loggerml]: New version: [0.1.4] Old Version: [0.1.3]
[2023-04-28 00:23:59] INFO root fetch - processPackages [admem]: New version: [2.1.0] Old Version: [2.0.0]
[2023-04-28 00:23:59] INFO root fetch - processPackages [digitalguide]: New version: [0.0.99] Old Version: [0.0.98]
[2023-04-28 00:23:59] INFO root fetch - processPackages [admem]: executing diffoscope
[2023-04-28 00:23:59] INFO root fetch - processPackages [admem]: podman run --user 0:0 --rm -w /home/abi/fetcher -v /home/abi/fetcher/tmp:/home/abi/fetcher/tmp:ro -v /home/abi/fetcher/20230428:/home/abi/fetcher/20230428:rw registry.salsa.debian.org/reproducible-builds/diffoscope --no-progress tmp/admem-2.0.0.tar.gz tmp/admem-2.1.0.tar.gz --markdown 20230428/a/admem/2.0.0-2.1.0/diff.md --exclude *.pyd
[2023-04-28 00:23:59] INFO root fetch - processPackages [loggerml]: executing diffoscope
[2023-04-28 00:23:59] INFO root fetch - processPackages [loggerml]: podman run --user 0:0 --rm -w /home/abi/fetcher -v /home/abi/fetcher/tmp:/home/abi/fetcher/tmp:ro -v /home/abi/fetcher/20230428:/home/abi/fetcher/20230428:rw registry.salsa.debian.org/reproducible-builds/diffoscope --no-progress tmp/loggerml-0.1.3.tar.gz tmp/loggerml-0.1.4.tar.gz --markdown 20230428/l/loggerml/0.1.3-0.1.4/diff.md --exclude *.pyd
[2023-04-28 00:23:59] INFO root fetch - processPackages [depp-test]: New version: [0.3.1] Old Version: [0.3.0]
[2023-04-28 00:23:59] WARNING root fetch - processPackages [git-add-co-author]: Skipping, unable to determine old version
[2023-04-28 00:23:59] INFO root fetch - main [MainThread]: End processing [git-add-co-author] error
[2023-04-28 00:23:59] INFO root fetch - processPackages [pftag]: New version: [1.3.0] Old Version: [1.2.8]
[2023-04-28 00:23:59] INFO root fetch - processPackages [digitalguide]: executing diffoscope
[2023-04-28 00:23:59] INFO root fetch - processPackages [titiler.pgstac]: New version: [0.3.2] Old Version: [0.3.1]
[2023-04-28 00:23:59] INFO root fetch - processPackages [digitalguide]: podman run --user 0:0 --rm -w /home/abi/fetcher -v /home/abi/fetcher/tmp:/home/abi/fetcher/tmp:ro -v /home/abi/fetcher/20230428:/home/abi/fetcher/20230428:rw registry.salsa.debian.org/reproducible-builds/diffoscope --no-progress tmp/digitalguide-0.0.98.tar.gz tmp/digitalguide-0.0.99.tar.gz --markdown 20230428/d/digitalguide/0.0.98-0.0.99/diff.md --exclude *.pyd
[2023-04-28 00:23:59] INFO root fetch - processPackages [pyjoulescope-driver]: New version: [1.3.6] Old Version: [1.3.5]
[2023-04-28 00:23:59] INFO root fetch - processPackages [pyjoulescope-driver]: Downloading https://files.pythonhosted.org/packages/3d/a7/39bd7074b2e6f6d8f4c64576c37e46e35607de78e536d1637369d1452993/pyjoulescope_driver-1.3.5.tar.gz
[2023-04-28 00:23:59] INFO root fetch - processPackages [titiler.pgstac]: Downloading https://files.pythonhosted.org/packages/0f/12/dfb6a7491b1d24a76e815a73ad07ec0b377ea64631410c02f3f4c3539cdd/titiler.pgstac-0.3.1.tar.gz
[2023-04-28 00:23:59] INFO root fetch - processPackages [pftag]: Downloading https://files.pythonhosted.org/packages/00/89/7808f9b9ff42815895b8c997551707402373775dbb226b522267c9027e43/pftag-1.2.8.tar.gz
[2023-04-28 00:23:59] INFO root fetch - processPackages [pyjls]: Downloading https://files.pythonhosted.org/packages/20/e8/fb95073f0bb346f66c8dad1172762606db6e8be07830f7d61dc94426bc20/pyjls-0.6.1.tar.gz
[2023-04-28 00:23:59] INFO root fetch - processPackages [depp-test]: Downloading https://files.pythonhosted.org/packages/a2/94/684471a6e33667df7d08f580247ef41da5cee053147dede843e808428211/depp_test-0.3.1.tar.gz
[2023-04-28 00:23:59] INFO root fetch - processPackages [pyjls]: executing diffoscope
[2023-04-28 00:23:59] INFO root fetch - processPackages [pyjls]: podman run --user 0:0 --rm -w /home/abi/fetcher -v /home/abi/fetcher/tmp:/home/abi/fetcher/tmp:ro -v /home/abi/fetcher/20230428:/home/abi/fetcher/20230428:rw registry.salsa.debian.org/reproducible-builds/diffoscope --no-progress tmp/pyjls-0.6.0.tar.gz tmp/pyjls-0.6.1.tar.gz --markdown 20230428/p/pyjls/0.6.0-0.6.1/diff.md --exclude *.pyd
[2023-04-28 00:23:59] INFO root fetch - processPackages [depp-test]: executing diffoscope
[2023-04-28 00:23:59] INFO root fetch - processPackages [depp-test]: podman run --user 0:0 --rm -w /home/abi/fetcher -v /home/abi/fetcher/tmp:/home/abi/fetcher/tmp:ro -v /home/abi/fetcher/20230428:/home/abi/fetcher/20230428:rw registry.salsa.debian.org/reproducible-builds/diffoscope --no-progress tmp/depp_test-0.3.0.tar.gz tmp/depp_test-0.3.1.tar.gz --markdown 20230428/d/depp-test/0.3.0-0.3.1/diff.md --exclude *.pyd
[2023-04-28 00:23:59] INFO root fetch - processPackages [pftag]: Downloading https://files.pythonhosted.org/packages/08/86/ea2b3b2d69bb82837c6dade55fd9b267419f6d86ad84f9c0cdf2788a303f/pftag-1.3.0.tar.gz
[2023-04-28 00:23:59] INFO root fetch - processPackages [pyjoulescope-driver]: Downloading https://files.pythonhosted.org/packages/fc/99/1c0216b73e24a413f3a0e606c2bded3100e5238dcdb918a8738638eb72fd/pyjoulescope_driver-1.3.6.tar.gz
[2023-04-28 00:23:59] INFO root fetch - processPackages [pftag]: executing diffoscope
[2023-04-28 00:23:59] INFO root fetch - processPackages [pftag]: podman run --user 0:0 --rm -w /home/abi/fetcher -v /home/abi/fetcher/tmp:/home/abi/fetcher/tmp:ro -v /home/abi/fetcher/20230428:/home/abi/fetcher/20230428:rw registry.salsa.debian.org/reproducible-builds/diffoscope --no-progress tmp/pftag-1.2.8.tar.gz tmp/pftag-1.3.0.tar.gz --markdown 20230428/p/pftag/1.2.8-1.3.0/diff.md --exclude *.pyd
[2023-04-28 00:23:59] INFO root fetch - processPackages [titiler.pgstac]: Downloading https://files.pythonhosted.org/packages/83/bd/681e575c71c597babbc4c658ef38566a1255752f757f1f984e973770a16d/titiler.pgstac-0.3.2.tar.gz
[2023-04-28 00:23:59] INFO root fetch - processPackages [pyjoulescope-driver]: executing diffoscope
[2023-04-28 00:23:59] INFO root fetch - processPackages [pyjoulescope-driver]: podman run --user 0:0 --rm -w /home/abi/fetcher -v /home/abi/fetcher/tmp:/home/abi/fetcher/tmp:ro -v /home/abi/fetcher/20230428:/home/abi/fetcher/20230428:rw registry.salsa.debian.org/reproducible-builds/diffoscope --no-progress tmp/pyjoulescope_driver-1.3.5.tar.gz tmp/pyjoulescope_driver-1.3.6.tar.gz --markdown 20230428/p/pyjoulescope-driver/1.3.5-1.3.6/diff.md --exclude *.pyd
[2023-04-28 00:23:59] INFO root fetch - processPackages [titiler.pgstac]: executing diffoscope
[2023-04-28 00:23:59] INFO root fetch - processPackages [titiler.pgstac]: podman run --user 0:0 --rm -w /home/abi/fetcher -v /home/abi/fetcher/tmp:/home/abi/fetcher/tmp:ro -v /home/abi/fetcher/20230428:/home/abi/fetcher/20230428:rw registry.salsa.debian.org/reproducible-builds/diffoscope --no-progress tmp/titiler.pgstac-0.3.1.tar.gz tmp/titiler.pgstac-0.3.2.tar.gz --markdown 20230428/t/titiler.pgstac/0.3.1-0.3.2/diff.md --exclude *.pyd
[2023-04-28 00:24:00] INFO root fetch - main [MainThread]: End processing [admem]: success
[2023-04-28 00:24:00] INFO root fetch - main [MainThread]: End processing [digitalguide]: success
[2023-04-28 00:24:00] INFO root fetch - main [MainThread]: End processing [pftag]: success
[2023-04-28 00:24:00] INFO root fetch - main [MainThread]: End processing [depp-test]: success
[2023-04-28 00:24:00] INFO root fetch - main [MainThread]: End processing [titiler.pgstac]: success
[2023-04-28 00:24:02] INFO root fetch - main [MainThread]: End processing [loggerml]: success
[2023-04-28 00:24:02] INFO root fetch - main [MainThread]: End processing [pyjls]: success
[2023-04-28 00:24:03] INFO root fetch - main [MainThread]: End processing [pyjoulescope-driver]: success
[2023-04-28 00:24:03] INFO root fetch - main [MainThread]: Store serial: [17889768]
